27-Mar-2019 10:11:17.245 INFO [main] org.apache.catalina.startup.VersionLoggerListener.log Server version:        Apache Tomcat/8.0.33
27-Mar-2019 10:11:17.247 INFO [main] org.apache.catalina.startup.VersionLoggerListener.log Server built:          Mar 18 2016 20:31:49 UTC
27-Mar-2019 10:11:17.247 INFO [main] org.apache.catalina.startup.VersionLoggerListener.log Server number:         8.0.33.0
27-Mar-2019 10:11:17.248 INFO [main] org.apache.catalina.startup.VersionLoggerListener.log OS Name:               Windows 10
27-Mar-2019 10:11:17.248 INFO [main] org.apache.catalina.startup.VersionLoggerListener.log OS Version:            10.0
27-Mar-2019 10:11:17.248 INFO [main] org.apache.catalina.startup.VersionLoggerListener.log Architecture:          amd64
27-Mar-2019 10:11:17.248 INFO [main] org.apache.catalina.startup.VersionLoggerListener.log Java Home:             C:\Program Files\Java\jdk1.8.0_181\jre
27-Mar-2019 10:11:17.248 INFO [main] org.apache.catalina.startup.VersionLoggerListener.log JVM Version:           1.8.0_181-b13
27-Mar-2019 10:11:17.248 INFO [main] org.apache.catalina.startup.VersionLoggerListener.log JVM Vendor:            Oracle Corporation
27-Mar-2019 10:11:17.248 INFO [main] org.apache.catalina.startup.VersionLoggerListener.log CATALINA_BASE:         C:\my_dev\tomcat\apache-tomcat-8.0.33
27-Mar-2019 10:11:17.248 INFO [main] org.apache.catalina.startup.VersionLoggerListener.log CATALINA_HOME:         C:\my_dev\tomcat\apache-tomcat-8.0.33
27-Mar-2019 10:11:17.248 INFO [main] org.apache.catalina.startup.VersionLoggerListener.log Command line argument: -Djava.util.logging.config.file=C:/my_dev/tomcat/apache-tomcat-8.0.33/conf/logging.properties
27-Mar-2019 10:11:17.249 INFO [main] org.apache.catalina.startup.VersionLoggerListener.log Command line argument: -Djava.util.logging.manager=org.apache.juli.ClassLoaderLogManager
27-Mar-2019 10:11:17.249 INFO [main] org.apache.catalina.startup.VersionLoggerListener.log Command line argument: -Djava.endorsed.dirs=C:/my_dev/tomcat/apache-tomcat-8.0.33/endorsed
27-Mar-2019 10:11:17.249 INFO [main] org.apache.catalina.startup.VersionLoggerListener.log Command line argument: -Dcatalina.base=C:/my_dev/tomcat/apache-tomcat-8.0.33
27-Mar-2019 10:11:17.249 INFO [main] org.apache.catalina.startup.VersionLoggerListener.log Command line argument: -Dcatalina.home=C:/my_dev/tomcat/apache-tomcat-8.0.33
27-Mar-2019 10:11:17.249 INFO [main] org.apache.catalina.startup.VersionLoggerListener.log Command line argument: -Djava.io.tmpdir=C:/my_dev/tomcat/apache-tomcat-8.0.33/temp
27-Mar-2019 10:11:17.249 INFO [main] org.apache.catalina.core.AprLifecycleListener.lifecycleEvent The APR based Apache Tomcat Native library which allows optimal performance in production environments was not found on the java.library.path: C:\Program Files\Java\jdk1.8.0_181\bin;C:\Windows\Sun\Java\bin;C:\Windows\system32;C:\Windows;C:\Users\isaias\bin;C:\Program Files\Git\mingw64\bin;C:\Program Files\Git\usr\local\bin;C:\Program Files\Git\usr\bin;C:\Program Files\Git\usr\bin;C:\Program Files\Git\mingw64\bin;C:\Program Files\Git\usr\bin;C:\Users\isaias\bin;C:\Program Files (x86)\Common Files\Oracle\Java\javapath;C:\Windows\system32;C:\Windows;C:\Windows\System32\Wbem;C:\Windows\System32\WindowsPowerShell\v1.0;C:\Windows\System32\OpenSSH;C:\Program Files\Git\cmd;C:\Program Files\PuTTY;C:\my_dev\maven\apache-maven-3.6.0-bin\apache-maven-3.6.0\bin;C:\Program Files\nodejs;C:\Users\isaias\AppData\Local\Microsoft\WindowsApp;C:\my_dev\maven\apache-maven-3.6.0-bin\apache-maven-3.6.0\bin";C:\Users\isaias\AppData\Roaming\npm;C:\Program Files\Git\usr\bin\vendor_perl;C:\Program Files\Git\usr\bin\core_perl;.
27-Mar-2019 10:11:17.464 INFO [main] org.apache.coyote.AbstractProtocol.init Initializing ProtocolHandler ["http-nio-8080"]
27-Mar-2019 10:11:17.778 INFO [main] org.apache.tomcat.util.net.NioSelectorPool.getSharedSelector Using a shared selector for servlet write/read
27-Mar-2019 10:11:17.788 INFO [main] org.apache.coyote.AbstractProtocol.init Initializing ProtocolHandler ["ajp-nio-8009"]
27-Mar-2019 10:11:17.793 INFO [main] org.apache.tomcat.util.net.NioSelectorPool.getSharedSelector Using a shared selector for servlet write/read
27-Mar-2019 10:11:17.793 INFO [main] org.apache.catalina.startup.Catalina.load Initialization processed in 993 ms
27-Mar-2019 10:11:17.837 INFO [main] org.apache.catalina.core.StandardService.startInternal Starting service Catalina
27-Mar-2019 10:11:17.837 INFO [main] org.apache.catalina.core.StandardEngine.startInternal Starting Servlet Engine: Apache Tomcat/8.0.33
27-Mar-2019 10:11:17.954 INFO [localhost-startStop-1] org.apache.catalina.startup.HostConfig.deployWAR Deploying web application archive C:\my_dev\tomcat\apache-tomcat-8.0.33\webapps\florestal-web.war
27-Mar-2019 10:11:24.267 SEVERE [localhost-startStop-1] org.apache.catalina.startup.ContextConfig.processAnnotationsJar Unable to process Jar entry [module-info.class] from Jar [jar:file:/C:/my_dev/tomcat/apache-tomcat-8.0.33/webapps/florestal-web/WEB-INF/lib/txw2-2.3.1.jar!/] for annotations
 org.apache.tomcat.util.bcel.classfile.ClassFormatException: Invalid byte tag in constant pool: 19
	at org.apache.tomcat.util.bcel.classfile.Constant.readConstant(Constant.java:97)
	at org.apache.tomcat.util.bcel.classfile.ConstantPool.<init>(ConstantPool.java:55)
	at org.apache.tomcat.util.bcel.classfile.ClassParser.readConstantPool(ClassParser.java:176)
	at org.apache.tomcat.util.bcel.classfile.ClassParser.parse(ClassParser.java:85)
	at org.apache.catalina.startup.ContextConfig.processAnnotationsStream(ContextConfig.java:2042)
	at org.apache.catalina.startup.ContextConfig.processAnnotationsJar(ContextConfig.java:1988)
	at org.apache.catalina.startup.ContextConfig.processAnnotationsUrl(ContextConfig.java:1958)
	at org.apache.catalina.startup.ContextConfig.processAnnotations(ContextConfig.java:1912)
	at org.apache.catalina.startup.ContextConfig.webConfig(ContextConfig.java:1157)
	at org.apache.catalina.startup.ContextConfig.configureStart(ContextConfig.java:779)
	at org.apache.catalina.startup.ContextConfig.lifecycleEvent(ContextConfig.java:306)
	at org.apache.catalina.util.LifecycleSupport.fireLifecycleEvent(LifecycleSupport.java:95)
	at org.apache.catalina.util.LifecycleBase.fireLifecycleEvent(LifecycleBase.java:90)
	at org.apache.catalina.core.StandardContext.startInternal(StandardContext.java:5150)
	at org.apache.catalina.util.LifecycleBase.start(LifecycleBase.java:147)
	at org.apache.catalina.core.ContainerBase.addChildInternal(ContainerBase.java:725)
	at org.apache.catalina.core.ContainerBase.addChild(ContainerBase.java:701)
	at org.apache.catalina.core.StandardHost.addChild(StandardHost.java:717)
	at org.apache.catalina.startup.HostConfig.deployWAR(HostConfig.java:940)
	at org.apache.catalina.startup.HostConfig$DeployWar.run(HostConfig.java:1816)
	at java.util.concurrent.Executors$RunnableAdapter.call(Executors.java:511)
	at java.util.concurrent.FutureTask.run(FutureTask.java:266)
	at java.util.concurrent.ThreadPoolExecutor.runWorker(ThreadPoolExecutor.java:1149)
	at java.util.concurrent.ThreadPoolExecutor$Worker.run(ThreadPoolExecutor.java:624)
	at java.lang.Thread.run(Thread.java:748)

27-Mar-2019 10:11:24.525 SEVERE [localhost-startStop-1] org.apache.catalina.startup.ContextConfig.processAnnotationsJar Unable to process Jar entry [module-info.class] from Jar [jar:file:/C:/my_dev/tomcat/apache-tomcat-8.0.33/webapps/florestal-web/WEB-INF/lib/jaxb-runtime-2.3.1.jar!/] for annotations
 org.apache.tomcat.util.bcel.classfile.ClassFormatException: Invalid byte tag in constant pool: 19
	at org.apache.tomcat.util.bcel.classfile.Constant.readConstant(Constant.java:97)
	at org.apache.tomcat.util.bcel.classfile.ConstantPool.<init>(ConstantPool.java:55)
	at org.apache.tomcat.util.bcel.classfile.ClassParser.readConstantPool(ClassParser.java:176)
	at org.apache.tomcat.util.bcel.classfile.ClassParser.parse(ClassParser.java:85)
	at org.apache.catalina.startup.ContextConfig.processAnnotationsStream(ContextConfig.java:2042)
	at org.apache.catalina.startup.ContextConfig.processAnnotationsJar(ContextConfig.java:1988)
	at org.apache.catalina.startup.ContextConfig.processAnnotationsUrl(ContextConfig.java:1958)
	at org.apache.catalina.startup.ContextConfig.processAnnotations(ContextConfig.java:1912)
	at org.apache.catalina.startup.ContextConfig.webConfig(ContextConfig.java:1157)
	at org.apache.catalina.startup.ContextConfig.configureStart(ContextConfig.java:779)
	at org.apache.catalina.startup.ContextConfig.lifecycleEvent(ContextConfig.java:306)
	at org.apache.catalina.util.LifecycleSupport.fireLifecycleEvent(LifecycleSupport.java:95)
	at org.apache.catalina.util.LifecycleBase.fireLifecycleEvent(LifecycleBase.java:90)
	at org.apache.catalina.core.StandardContext.startInternal(StandardContext.java:5150)
	at org.apache.catalina.util.LifecycleBase.start(LifecycleBase.java:147)
	at org.apache.catalina.core.ContainerBase.addChildInternal(ContainerBase.java:725)
	at org.apache.catalina.core.ContainerBase.addChild(ContainerBase.java:701)
	at org.apache.catalina.core.StandardHost.addChild(StandardHost.java:717)
	at org.apache.catalina.startup.HostConfig.deployWAR(HostConfig.java:940)
	at org.apache.catalina.startup.HostConfig$DeployWar.run(HostConfig.java:1816)
	at java.util.concurrent.Executors$RunnableAdapter.call(Executors.java:511)
	at java.util.concurrent.FutureTask.run(FutureTask.java:266)
	at java.util.concurrent.ThreadPoolExecutor.runWorker(ThreadPoolExecutor.java:1149)
	at java.util.concurrent.ThreadPoolExecutor$Worker.run(ThreadPoolExecutor.java:624)
	at java.lang.Thread.run(Thread.java:748)

27-Mar-2019 10:11:25.043 SEVERE [localhost-startStop-1] org.apache.catalina.startup.ContextConfig.processAnnotationsJar Unable to process Jar entry [module-info.class] from Jar [jar:file:/C:/my_dev/tomcat/apache-tomcat-8.0.33/webapps/florestal-web/WEB-INF/lib/istack-commons-runtime-3.0.7.jar!/] for annotations
 org.apache.tomcat.util.bcel.classfile.ClassFormatException: Invalid byte tag in constant pool: 19
	at org.apache.tomcat.util.bcel.classfile.Constant.readConstant(Constant.java:97)
	at org.apache.tomcat.util.bcel.classfile.ConstantPool.<init>(ConstantPool.java:55)
	at org.apache.tomcat.util.bcel.classfile.ClassParser.readConstantPool(ClassParser.java:176)
	at org.apache.tomcat.util.bcel.classfile.ClassParser.parse(ClassParser.java:85)
	at org.apache.catalina.startup.ContextConfig.processAnnotationsStream(ContextConfig.java:2042)
	at org.apache.catalina.startup.ContextConfig.processAnnotationsJar(ContextConfig.java:1988)
	at org.apache.catalina.startup.ContextConfig.processAnnotationsUrl(ContextConfig.java:1958)
	at org.apache.catalina.startup.ContextConfig.processAnnotations(ContextConfig.java:1912)
	at org.apache.catalina.startup.ContextConfig.webConfig(ContextConfig.java:1157)
	at org.apache.catalina.startup.ContextConfig.configureStart(ContextConfig.java:779)
	at org.apache.catalina.startup.ContextConfig.lifecycleEvent(ContextConfig.java:306)
	at org.apache.catalina.util.LifecycleSupport.fireLifecycleEvent(LifecycleSupport.java:95)
	at org.apache.catalina.util.LifecycleBase.fireLifecycleEvent(LifecycleBase.java:90)
	at org.apache.catalina.core.StandardContext.startInternal(StandardContext.java:5150)
	at org.apache.catalina.util.LifecycleBase.start(LifecycleBase.java:147)
	at org.apache.catalina.core.ContainerBase.addChildInternal(ContainerBase.java:725)
	at org.apache.catalina.core.ContainerBase.addChild(ContainerBase.java:701)
	at org.apache.catalina.core.StandardHost.addChild(StandardHost.java:717)
	at org.apache.catalina.startup.HostConfig.deployWAR(HostConfig.java:940)
	at org.apache.catalina.startup.HostConfig$DeployWar.run(HostConfig.java:1816)
	at java.util.concurrent.Executors$RunnableAdapter.call(Executors.java:511)
	at java.util.concurrent.FutureTask.run(FutureTask.java:266)
	at java.util.concurrent.ThreadPoolExecutor.runWorker(ThreadPoolExecutor.java:1149)
	at java.util.concurrent.ThreadPoolExecutor$Worker.run(ThreadPoolExecutor.java:624)
	at java.lang.Thread.run(Thread.java:748)

27-Mar-2019 10:11:25.511 SEVERE [localhost-startStop-1] org.apache.catalina.startup.ContextConfig.processAnnotationsJar Unable to process Jar entry [META-INF/versions/9/module-info.class] from Jar [jar:file:/C:/my_dev/tomcat/apache-tomcat-8.0.33/webapps/florestal-web/WEB-INF/lib/byte-buddy-1.9.5.jar!/] for annotations
 org.apache.tomcat.util.bcel.classfile.ClassFormatException: Invalid byte tag in constant pool: 19
	at org.apache.tomcat.util.bcel.classfile.Constant.readConstant(Constant.java:97)
	at org.apache.tomcat.util.bcel.classfile.ConstantPool.<init>(ConstantPool.java:55)
	at org.apache.tomcat.util.bcel.classfile.ClassParser.readConstantPool(ClassParser.java:176)
	at org.apache.tomcat.util.bcel.classfile.ClassParser.parse(ClassParser.java:85)
	at org.apache.catalina.startup.ContextConfig.processAnnotationsStream(ContextConfig.java:2042)
	at org.apache.catalina.startup.ContextConfig.processAnnotationsJar(ContextConfig.java:1988)
	at org.apache.catalina.startup.ContextConfig.processAnnotationsUrl(ContextConfig.java:1958)
	at org.apache.catalina.startup.ContextConfig.processAnnotations(ContextConfig.java:1912)
	at org.apache.catalina.startup.ContextConfig.webConfig(ContextConfig.java:1157)
	at org.apache.catalina.startup.ContextConfig.configureStart(ContextConfig.java:779)
	at org.apache.catalina.startup.ContextConfig.lifecycleEvent(ContextConfig.java:306)
	at org.apache.catalina.util.LifecycleSupport.fireLifecycleEvent(LifecycleSupport.java:95)
	at org.apache.catalina.util.LifecycleBase.fireLifecycleEvent(LifecycleBase.java:90)
	at org.apache.catalina.core.StandardContext.startInternal(StandardContext.java:5150)
	at org.apache.catalina.util.LifecycleBase.start(LifecycleBase.java:147)
	at org.apache.catalina.core.ContainerBase.addChildInternal(ContainerBase.java:725)
	at org.apache.catalina.core.ContainerBase.addChild(ContainerBase.java:701)
	at org.apache.catalina.core.StandardHost.addChild(StandardHost.java:717)
	at org.apache.catalina.startup.HostConfig.deployWAR(HostConfig.java:940)
	at org.apache.catalina.startup.HostConfig$DeployWar.run(HostConfig.java:1816)
	at java.util.concurrent.Executors$RunnableAdapter.call(Executors.java:511)
	at java.util.concurrent.FutureTask.run(FutureTask.java:266)
	at java.util.concurrent.ThreadPoolExecutor.runWorker(ThreadPoolExecutor.java:1149)
	at java.util.concurrent.ThreadPoolExecutor$Worker.run(ThreadPoolExecutor.java:624)
	at java.lang.Thread.run(Thread.java:748)

27-Mar-2019 10:11:25.790 SEVERE [localhost-startStop-1] org.apache.catalina.startup.ContextConfig.processAnnotationsJar Unable to process Jar entry [module-info.class] from Jar [jar:file:/C:/my_dev/tomcat/apache-tomcat-8.0.33/webapps/florestal-web/WEB-INF/lib/stax-ex-1.8.jar!/] for annotations
 org.apache.tomcat.util.bcel.classfile.ClassFormatException: Invalid byte tag in constant pool: 19
	at org.apache.tomcat.util.bcel.classfile.Constant.readConstant(Constant.java:97)
	at org.apache.tomcat.util.bcel.classfile.ConstantPool.<init>(ConstantPool.java:55)
	at org.apache.tomcat.util.bcel.classfile.ClassParser.readConstantPool(ClassParser.java:176)
	at org.apache.tomcat.util.bcel.classfile.ClassParser.parse(ClassParser.java:85)
	at org.apache.catalina.startup.ContextConfig.processAnnotationsStream(ContextConfig.java:2042)
	at org.apache.catalina.startup.ContextConfig.processAnnotationsJar(ContextConfig.java:1988)
	at org.apache.catalina.startup.ContextConfig.processAnnotationsUrl(ContextConfig.java:1958)
	at org.apache.catalina.startup.ContextConfig.processAnnotations(ContextConfig.java:1912)
	at org.apache.catalina.startup.ContextConfig.webConfig(ContextConfig.java:1157)
	at org.apache.catalina.startup.ContextConfig.configureStart(ContextConfig.java:779)
	at org.apache.catalina.startup.ContextConfig.lifecycleEvent(ContextConfig.java:306)
	at org.apache.catalina.util.LifecycleSupport.fireLifecycleEvent(LifecycleSupport.java:95)
	at org.apache.catalina.util.LifecycleBase.fireLifecycleEvent(LifecycleBase.java:90)
	at org.apache.catalina.core.StandardContext.startInternal(StandardContext.java:5150)
	at org.apache.catalina.util.LifecycleBase.start(LifecycleBase.java:147)
	at org.apache.catalina.core.ContainerBase.addChildInternal(ContainerBase.java:725)
	at org.apache.catalina.core.ContainerBase.addChild(ContainerBase.java:701)
	at org.apache.catalina.core.StandardHost.addChild(StandardHost.java:717)
	at org.apache.catalina.startup.HostConfig.deployWAR(HostConfig.java:940)
	at org.apache.catalina.startup.HostConfig$DeployWar.run(HostConfig.java:1816)
	at java.util.concurrent.Executors$RunnableAdapter.call(Executors.java:511)
	at java.util.concurrent.FutureTask.run(FutureTask.java:266)
	at java.util.concurrent.ThreadPoolExecutor.runWorker(ThreadPoolExecutor.java:1149)
	at java.util.concurrent.ThreadPoolExecutor$Worker.run(ThreadPoolExecutor.java:624)
	at java.lang.Thread.run(Thread.java:748)

27-Mar-2019 10:11:25.896 SEVERE [localhost-startStop-1] org.apache.catalina.startup.ContextConfig.processAnnotationsJar Unable to process Jar entry [module-info.class] from Jar [jar:file:/C:/my_dev/tomcat/apache-tomcat-8.0.33/webapps/florestal-web/WEB-INF/lib/FastInfoset-1.2.15.jar!/] for annotations
 org.apache.tomcat.util.bcel.classfile.ClassFormatException: Invalid byte tag in constant pool: 19
	at org.apache.tomcat.util.bcel.classfile.Constant.readConstant(Constant.java:97)
	at org.apache.tomcat.util.bcel.classfile.ConstantPool.<init>(ConstantPool.java:55)
	at org.apache.tomcat.util.bcel.classfile.ClassParser.readConstantPool(ClassParser.java:176)
	at org.apache.tomcat.util.bcel.classfile.ClassParser.parse(ClassParser.java:85)
	at org.apache.catalina.startup.ContextConfig.processAnnotationsStream(ContextConfig.java:2042)
	at org.apache.catalina.startup.ContextConfig.processAnnotationsJar(ContextConfig.java:1988)
	at org.apache.catalina.startup.ContextConfig.processAnnotationsUrl(ContextConfig.java:1958)
	at org.apache.catalina.startup.ContextConfig.processAnnotations(ContextConfig.java:1912)
	at org.apache.catalina.startup.ContextConfig.webConfig(ContextConfig.java:1157)
	at org.apache.catalina.startup.ContextConfig.configureStart(ContextConfig.java:779)
	at org.apache.catalina.startup.ContextConfig.lifecycleEvent(ContextConfig.java:306)
	at org.apache.catalina.util.LifecycleSupport.fireLifecycleEvent(LifecycleSupport.java:95)
	at org.apache.catalina.util.LifecycleBase.fireLifecycleEvent(LifecycleBase.java:90)
	at org.apache.catalina.core.StandardContext.startInternal(StandardContext.java:5150)
	at org.apache.catalina.util.LifecycleBase.start(LifecycleBase.java:147)
	at org.apache.catalina.core.ContainerBase.addChildInternal(ContainerBase.java:725)
	at org.apache.catalina.core.ContainerBase.addChild(ContainerBase.java:701)
	at org.apache.catalina.core.StandardHost.addChild(StandardHost.java:717)
	at org.apache.catalina.startup.HostConfig.deployWAR(HostConfig.java:940)
	at org.apache.catalina.startup.HostConfig$DeployWar.run(HostConfig.java:1816)
	at java.util.concurrent.Executors$RunnableAdapter.call(Executors.java:511)
	at java.util.concurrent.FutureTask.run(FutureTask.java:266)
	at java.util.concurrent.ThreadPoolExecutor.runWorker(ThreadPoolExecutor.java:1149)
	at java.util.concurrent.ThreadPoolExecutor$Worker.run(ThreadPoolExecutor.java:624)
	at java.lang.Thread.run(Thread.java:748)

27-Mar-2019 10:11:26.428 SEVERE [localhost-startStop-1] org.apache.catalina.startup.ContextConfig.processAnnotationsJar Unable to process Jar entry [module-info.class] from Jar [jar:file:/C:/my_dev/tomcat/apache-tomcat-8.0.33/webapps/florestal-web/WEB-INF/lib/jaxb-api-2.3.1.jar!/] for annotations
 org.apache.tomcat.util.bcel.classfile.ClassFormatException: Invalid byte tag in constant pool: 19
	at org.apache.tomcat.util.bcel.classfile.Constant.readConstant(Constant.java:97)
	at org.apache.tomcat.util.bcel.classfile.ConstantPool.<init>(ConstantPool.java:55)
	at org.apache.tomcat.util.bcel.classfile.ClassParser.readConstantPool(ClassParser.java:176)
	at org.apache.tomcat.util.bcel.classfile.ClassParser.parse(ClassParser.java:85)
	at org.apache.catalina.startup.ContextConfig.processAnnotationsStream(ContextConfig.java:2042)
	at org.apache.catalina.startup.ContextConfig.processAnnotationsJar(ContextConfig.java:1988)
	at org.apache.catalina.startup.ContextConfig.processAnnotationsUrl(ContextConfig.java:1958)
	at org.apache.catalina.startup.ContextConfig.processAnnotations(ContextConfig.java:1912)
	at org.apache.catalina.startup.ContextConfig.webConfig(ContextConfig.java:1157)
	at org.apache.catalina.startup.ContextConfig.configureStart(ContextConfig.java:779)
	at org.apache.catalina.startup.ContextConfig.lifecycleEvent(ContextConfig.java:306)
	at org.apache.catalina.util.LifecycleSupport.fireLifecycleEvent(LifecycleSupport.java:95)
	at org.apache.catalina.util.LifecycleBase.fireLifecycleEvent(LifecycleBase.java:90)
	at org.apache.catalina.core.StandardContext.startInternal(StandardContext.java:5150)
	at org.apache.catalina.util.LifecycleBase.start(LifecycleBase.java:147)
	at org.apache.catalina.core.ContainerBase.addChildInternal(ContainerBase.java:725)
	at org.apache.catalina.core.ContainerBase.addChild(ContainerBase.java:701)
	at org.apache.catalina.core.StandardHost.addChild(StandardHost.java:717)
	at org.apache.catalina.startup.HostConfig.deployWAR(HostConfig.java:940)
	at org.apache.catalina.startup.HostConfig$DeployWar.run(HostConfig.java:1816)
	at java.util.concurrent.Executors$RunnableAdapter.call(Executors.java:511)
	at java.util.concurrent.FutureTask.run(FutureTask.java:266)
	at java.util.concurrent.ThreadPoolExecutor.runWorker(ThreadPoolExecutor.java:1149)
	at java.util.concurrent.ThreadPoolExecutor$Worker.run(ThreadPoolExecutor.java:624)
	at java.lang.Thread.run(Thread.java:748)

27-Mar-2019 10:11:26.852 INFO [localhost-startStop-1] org.apache.jasper.servlet.TldScanner.scanJars At least one JAR was scanned for TLDs yet contained no TLDs. Enable debug logging for this logger for a complete list of JARs that were scanned but no TLDs were found in them. Skipping unneeded JARs during scanning can improve startup time and JSP compilation time.
27-Mar-2019 10:11:28.437 INFO [localhost-startStop-1] org.hibernate.jpa.internal.util.LogHelper.logPersistenceUnitInformation HHH000204: Processing PersistenceUnitInfo [
	name: default
	...]
27-Mar-2019 10:11:28.727 INFO [localhost-startStop-1] org.hibernate.Version.logVersion HHH000412: Hibernate Core {5.4.0.Final}
27-Mar-2019 10:11:28.729 INFO [localhost-startStop-1] org.hibernate.cfg.Environment.<clinit> HHH000206: hibernate.properties not found
27-Mar-2019 10:11:29.026 INFO [localhost-startStop-1] org.hibernate.annotations.common.reflection.java.JavaReflectionManager.<clinit> HCANN000001: Hibernate Commons Annotations {5.1.0.Final}
27-Mar-2019 10:11:30.779 INFO [localhost-startStop-1] org.hibernate.dialect.Dialect.<init> HHH000400: Using dialect: org.hibernate.dialect.SQLServer2012Dialect
27-Mar-2019 10:11:33.773 INFO [localhost-startStop-1] org.hibernate.engine.transaction.jta.platform.internal.JtaPlatformInitiator.initiateService HHH000490: Using JtaPlatform implementation: [org.hibernate.engine.transaction.jta.platform.internal.NoJtaPlatform]
27-Mar-2019 10:11:34.702 INFO [localhost-startStop-1] org.hibernate.hql.internal.QueryTranslatorFactoryInitiator.initiateService HHH000397: Using ASTQueryTranslatorFactory
27-Mar-2019 10:11:36.502 INFO [localhost-startStop-1] org.apache.catalina.startup.HostConfig.deployWAR Deployment of web application archive C:\my_dev\tomcat\apache-tomcat-8.0.33\webapps\florestal-web.war has finished in 18,548 ms
27-Mar-2019 10:11:36.504 INFO [localhost-startStop-1] org.apache.catalina.startup.HostConfig.deployDirectory Deploying web application directory C:\my_dev\tomcat\apache-tomcat-8.0.33\webapps\docs
27-Mar-2019 10:11:36.534 INFO [localhost-startStop-1] org.apache.catalina.startup.HostConfig.deployDirectory Deployment of web application directory C:\my_dev\tomcat\apache-tomcat-8.0.33\webapps\docs has finished in 30 ms
27-Mar-2019 10:11:36.535 INFO [localhost-startStop-1] org.apache.catalina.startup.HostConfig.deployDirectory Deploying web application directory C:\my_dev\tomcat\apache-tomcat-8.0.33\webapps\examples
27-Mar-2019 10:11:37.738 INFO [localhost-startStop-1] org.apache.catalina.startup.HostConfig.deployDirectory Deployment of web application directory C:\my_dev\tomcat\apache-tomcat-8.0.33\webapps\examples has finished in 1,204 ms
27-Mar-2019 10:11:37.738 INFO [localhost-startStop-1] org.apache.catalina.startup.HostConfig.deployDirectory Deploying web application directory C:\my_dev\tomcat\apache-tomcat-8.0.33\webapps\host-manager
27-Mar-2019 10:11:37.769 INFO [localhost-startStop-1] org.apache.catalina.startup.HostConfig.deployDirectory Deployment of web application directory C:\my_dev\tomcat\apache-tomcat-8.0.33\webapps\host-manager has finished in 31 ms
27-Mar-2019 10:11:37.769 INFO [localhost-startStop-1] org.apache.catalina.startup.HostConfig.deployDirectory Deploying web application directory C:\my_dev\tomcat\apache-tomcat-8.0.33\webapps\manager
27-Mar-2019 10:11:37.805 INFO [localhost-startStop-1] org.apache.catalina.startup.HostConfig.deployDirectory Deployment of web application directory C:\my_dev\tomcat\apache-tomcat-8.0.33\webapps\manager has finished in 36 ms
27-Mar-2019 10:11:37.805 INFO [localhost-startStop-1] org.apache.catalina.startup.HostConfig.deployDirectory Deploying web application directory C:\my_dev\tomcat\apache-tomcat-8.0.33\webapps\ROOT
27-Mar-2019 10:11:37.830 INFO [localhost-startStop-1] org.apache.catalina.startup.HostConfig.deployDirectory Deployment of web application directory C:\my_dev\tomcat\apache-tomcat-8.0.33\webapps\ROOT has finished in 25 ms
27-Mar-2019 10:11:37.834 INFO [main] org.apache.coyote.AbstractProtocol.start Starting ProtocolHandler ["http-nio-8080"]
27-Mar-2019 10:11:37.844 INFO [main] org.apache.coyote.AbstractProtocol.start Starting ProtocolHandler ["ajp-nio-8009"]
27-Mar-2019 10:11:37.846 INFO [main] org.apache.catalina.startup.Catalina.start Server startup in 20051 ms
27-Mar-2019 10:14:48.000 INFO [ContainerBackgroundProcessor[StandardEngine[Catalina]]] org.apache.catalina.startup.HostConfig.undeploy Undeploying context [/florestal-web]
27-Mar-2019 10:14:48.054 WARNING [ContainerBackgroundProcessor[StandardEngine[Catalina]]] org.apache.catalina.loader.WebappClassLoaderBase.clearReferencesJdbc The web application [florestal-web] registered the JDBC driver [com.microsoft.sqlserver.jdbc.SQLServerDriver] but failed to unregister it when the web application was stopped. To prevent a memory leak, the JDBC Driver has been forcibly unregistered.
27-Mar-2019 10:14:48.274 INFO [localhost-startStop-2] org.apache.catalina.startup.HostConfig.deployWAR Deploying web application archive C:\my_dev\tomcat\apache-tomcat-8.0.33\webapps\florestal-web.war
27-Mar-2019 10:14:55.373 SEVERE [localhost-startStop-2] org.apache.catalina.startup.ContextConfig.processAnnotationsJar Unable to process Jar entry [module-info.class] from Jar [jar:file:/C:/my_dev/tomcat/apache-tomcat-8.0.33/webapps/florestal-web/WEB-INF/lib/txw2-2.3.1.jar!/] for annotations
 org.apache.tomcat.util.bcel.classfile.ClassFormatException: Invalid byte tag in constant pool: 19
	at org.apache.tomcat.util.bcel.classfile.Constant.readConstant(Constant.java:97)
	at org.apache.tomcat.util.bcel.classfile.ConstantPool.<init>(ConstantPool.java:55)
	at org.apache.tomcat.util.bcel.classfile.ClassParser.readConstantPool(ClassParser.java:176)
	at org.apache.tomcat.util.bcel.classfile.ClassParser.parse(ClassParser.java:85)
	at org.apache.catalina.startup.ContextConfig.processAnnotationsStream(ContextConfig.java:2042)
	at org.apache.catalina.startup.ContextConfig.processAnnotationsJar(ContextConfig.java:1988)
	at org.apache.catalina.startup.ContextConfig.processAnnotationsUrl(ContextConfig.java:1958)
	at org.apache.catalina.startup.ContextConfig.processAnnotations(ContextConfig.java:1912)
	at org.apache.catalina.startup.ContextConfig.webConfig(ContextConfig.java:1157)
	at org.apache.catalina.startup.ContextConfig.configureStart(ContextConfig.java:779)
	at org.apache.catalina.startup.ContextConfig.lifecycleEvent(ContextConfig.java:306)
	at org.apache.catalina.util.LifecycleSupport.fireLifecycleEvent(LifecycleSupport.java:95)
	at org.apache.catalina.util.LifecycleBase.fireLifecycleEvent(LifecycleBase.java:90)
	at org.apache.catalina.core.StandardContext.startInternal(StandardContext.java:5150)
	at org.apache.catalina.util.LifecycleBase.start(LifecycleBase.java:147)
	at org.apache.catalina.core.ContainerBase.addChildInternal(ContainerBase.java:725)
	at org.apache.catalina.core.ContainerBase.addChild(ContainerBase.java:701)
	at org.apache.catalina.core.StandardHost.addChild(StandardHost.java:717)
	at org.apache.catalina.startup.HostConfig.deployWAR(HostConfig.java:940)
	at org.apache.catalina.startup.HostConfig$DeployWar.run(HostConfig.java:1816)
	at java.util.concurrent.Executors$RunnableAdapter.call(Executors.java:511)
	at java.util.concurrent.FutureTask.run(FutureTask.java:266)
	at java.util.concurrent.ThreadPoolExecutor.runWorker(ThreadPoolExecutor.java:1149)
	at java.util.concurrent.ThreadPoolExecutor$Worker.run(ThreadPoolExecutor.java:624)
	at java.lang.Thread.run(Thread.java:748)

27-Mar-2019 10:14:55.722 SEVERE [localhost-startStop-2] org.apache.catalina.startup.ContextConfig.processAnnotationsJar Unable to process Jar entry [module-info.class] from Jar [jar:file:/C:/my_dev/tomcat/apache-tomcat-8.0.33/webapps/florestal-web/WEB-INF/lib/jaxb-runtime-2.3.1.jar!/] for annotations
 org.apache.tomcat.util.bcel.classfile.ClassFormatException: Invalid byte tag in constant pool: 19
	at org.apache.tomcat.util.bcel.classfile.Constant.readConstant(Constant.java:97)
	at org.apache.tomcat.util.bcel.classfile.ConstantPool.<init>(ConstantPool.java:55)
	at org.apache.tomcat.util.bcel.classfile.ClassParser.readConstantPool(ClassParser.java:176)
	at org.apache.tomcat.util.bcel.classfile.ClassParser.parse(ClassParser.java:85)
	at org.apache.catalina.startup.ContextConfig.processAnnotationsStream(ContextConfig.java:2042)
	at org.apache.catalina.startup.ContextConfig.processAnnotationsJar(ContextConfig.java:1988)
	at org.apache.catalina.startup.ContextConfig.processAnnotationsUrl(ContextConfig.java:1958)
	at org.apache.catalina.startup.ContextConfig.processAnnotations(ContextConfig.java:1912)
	at org.apache.catalina.startup.ContextConfig.webConfig(ContextConfig.java:1157)
	at org.apache.catalina.startup.ContextConfig.configureStart(ContextConfig.java:779)
	at org.apache.catalina.startup.ContextConfig.lifecycleEvent(ContextConfig.java:306)
	at org.apache.catalina.util.LifecycleSupport.fireLifecycleEvent(LifecycleSupport.java:95)
	at org.apache.catalina.util.LifecycleBase.fireLifecycleEvent(LifecycleBase.java:90)
	at org.apache.catalina.core.StandardContext.startInternal(StandardContext.java:5150)
	at org.apache.catalina.util.LifecycleBase.start(LifecycleBase.java:147)
	at org.apache.catalina.core.ContainerBase.addChildInternal(ContainerBase.java:725)
	at org.apache.catalina.core.ContainerBase.addChild(ContainerBase.java:701)
	at org.apache.catalina.core.StandardHost.addChild(StandardHost.java:717)
	at org.apache.catalina.startup.HostConfig.deployWAR(HostConfig.java:940)
	at org.apache.catalina.startup.HostConfig$DeployWar.run(HostConfig.java:1816)
	at java.util.concurrent.Executors$RunnableAdapter.call(Executors.java:511)
	at java.util.concurrent.FutureTask.run(FutureTask.java:266)
	at java.util.concurrent.ThreadPoolExecutor.runWorker(ThreadPoolExecutor.java:1149)
	at java.util.concurrent.ThreadPoolExecutor$Worker.run(ThreadPoolExecutor.java:624)
	at java.lang.Thread.run(Thread.java:748)

27-Mar-2019 10:14:55.766 SEVERE [localhost-startStop-2] org.apache.catalina.startup.ContextConfig.processAnnotationsJar Unable to process Jar entry [module-info.class] from Jar [jar:file:/C:/my_dev/tomcat/apache-tomcat-8.0.33/webapps/florestal-web/WEB-INF/lib/stax-ex-1.8.jar!/] for annotations
 org.apache.tomcat.util.bcel.classfile.ClassFormatException: Invalid byte tag in constant pool: 19
	at org.apache.tomcat.util.bcel.classfile.Constant.readConstant(Constant.java:97)
	at org.apache.tomcat.util.bcel.classfile.ConstantPool.<init>(ConstantPool.java:55)
	at org.apache.tomcat.util.bcel.classfile.ClassParser.readConstantPool(ClassParser.java:176)
	at org.apache.tomcat.util.bcel.classfile.ClassParser.parse(ClassParser.java:85)
	at org.apache.catalina.startup.ContextConfig.processAnnotationsStream(ContextConfig.java:2042)
	at org.apache.catalina.startup.ContextConfig.processAnnotationsJar(ContextConfig.java:1988)
	at org.apache.catalina.startup.ContextConfig.processAnnotationsUrl(ContextConfig.java:1958)
	at org.apache.catalina.startup.ContextConfig.processAnnotations(ContextConfig.java:1912)
	at org.apache.catalina.startup.ContextConfig.webConfig(ContextConfig.java:1157)
	at org.apache.catalina.startup.ContextConfig.configureStart(ContextConfig.java:779)
	at org.apache.catalina.startup.ContextConfig.lifecycleEvent(ContextConfig.java:306)
	at org.apache.catalina.util.LifecycleSupport.fireLifecycleEvent(LifecycleSupport.java:95)
	at org.apache.catalina.util.LifecycleBase.fireLifecycleEvent(LifecycleBase.java:90)
	at org.apache.catalina.core.StandardContext.startInternal(StandardContext.java:5150)
	at org.apache.catalina.util.LifecycleBase.start(LifecycleBase.java:147)
	at org.apache.catalina.core.ContainerBase.addChildInternal(ContainerBase.java:725)
	at org.apache.catalina.core.ContainerBase.addChild(ContainerBase.java:701)
	at org.apache.catalina.core.StandardHost.addChild(StandardHost.java:717)
	at org.apache.catalina.startup.HostConfig.deployWAR(HostConfig.java:940)
	at org.apache.catalina.startup.HostConfig$DeployWar.run(HostConfig.java:1816)
	at java.util.concurrent.Executors$RunnableAdapter.call(Executors.java:511)
	at java.util.concurrent.FutureTask.run(FutureTask.java:266)
	at java.util.concurrent.ThreadPoolExecutor.runWorker(ThreadPoolExecutor.java:1149)
	at java.util.concurrent.ThreadPoolExecutor$Worker.run(ThreadPoolExecutor.java:624)
	at java.lang.Thread.run(Thread.java:748)

27-Mar-2019 10:14:56.605 SEVERE [localhost-startStop-2] org.apache.catalina.startup.ContextConfig.processAnnotationsJar Unable to process Jar entry [META-INF/versions/9/module-info.class] from Jar [jar:file:/C:/my_dev/tomcat/apache-tomcat-8.0.33/webapps/florestal-web/WEB-INF/lib/byte-buddy-1.9.5.jar!/] for annotations
 org.apache.tomcat.util.bcel.classfile.ClassFormatException: Invalid byte tag in constant pool: 19
	at org.apache.tomcat.util.bcel.classfile.Constant.readConstant(Constant.java:97)
	at org.apache.tomcat.util.bcel.classfile.ConstantPool.<init>(ConstantPool.java:55)
	at org.apache.tomcat.util.bcel.classfile.ClassParser.readConstantPool(ClassParser.java:176)
	at org.apache.tomcat.util.bcel.classfile.ClassParser.parse(ClassParser.java:85)
	at org.apache.catalina.startup.ContextConfig.processAnnotationsStream(ContextConfig.java:2042)
	at org.apache.catalina.startup.ContextConfig.processAnnotationsJar(ContextConfig.java:1988)
	at org.apache.catalina.startup.ContextConfig.processAnnotationsUrl(ContextConfig.java:1958)
	at org.apache.catalina.startup.ContextConfig.processAnnotations(ContextConfig.java:1912)
	at org.apache.catalina.startup.ContextConfig.webConfig(ContextConfig.java:1157)
	at org.apache.catalina.startup.ContextConfig.configureStart(ContextConfig.java:779)
	at org.apache.catalina.startup.ContextConfig.lifecycleEvent(ContextConfig.java:306)
	at org.apache.catalina.util.LifecycleSupport.fireLifecycleEvent(LifecycleSupport.java:95)
	at org.apache.catalina.util.LifecycleBase.fireLifecycleEvent(LifecycleBase.java:90)
	at org.apache.catalina.core.StandardContext.startInternal(StandardContext.java:5150)
	at org.apache.catalina.util.LifecycleBase.start(LifecycleBase.java:147)
	at org.apache.catalina.core.ContainerBase.addChildInternal(ContainerBase.java:725)
	at org.apache.catalina.core.ContainerBase.addChild(ContainerBase.java:701)
	at org.apache.catalina.core.StandardHost.addChild(StandardHost.java:717)
	at org.apache.catalina.startup.HostConfig.deployWAR(HostConfig.java:940)
	at org.apache.catalina.startup.HostConfig$DeployWar.run(HostConfig.java:1816)
	at java.util.concurrent.Executors$RunnableAdapter.call(Executors.java:511)
	at java.util.concurrent.FutureTask.run(FutureTask.java:266)
	at java.util.concurrent.ThreadPoolExecutor.runWorker(ThreadPoolExecutor.java:1149)
	at java.util.concurrent.ThreadPoolExecutor$Worker.run(ThreadPoolExecutor.java:624)
	at java.lang.Thread.run(Thread.java:748)

27-Mar-2019 10:14:57.924 SEVERE [localhost-startStop-2] org.apache.catalina.startup.ContextConfig.processAnnotationsJar Unable to process Jar entry [module-info.class] from Jar [jar:file:/C:/my_dev/tomcat/apache-tomcat-8.0.33/webapps/florestal-web/WEB-INF/lib/jaxb-api-2.3.1.jar!/] for annotations
 org.apache.tomcat.util.bcel.classfile.ClassFormatException: Invalid byte tag in constant pool: 19
	at org.apache.tomcat.util.bcel.classfile.Constant.readConstant(Constant.java:97)
	at org.apache.tomcat.util.bcel.classfile.ConstantPool.<init>(ConstantPool.java:55)
	at org.apache.tomcat.util.bcel.classfile.ClassParser.readConstantPool(ClassParser.java:176)
	at org.apache.tomcat.util.bcel.classfile.ClassParser.parse(ClassParser.java:85)
	at org.apache.catalina.startup.ContextConfig.processAnnotationsStream(ContextConfig.java:2042)
	at org.apache.catalina.startup.ContextConfig.processAnnotationsJar(ContextConfig.java:1988)
	at org.apache.catalina.startup.ContextConfig.processAnnotationsUrl(ContextConfig.java:1958)
	at org.apache.catalina.startup.ContextConfig.processAnnotations(ContextConfig.java:1912)
	at org.apache.catalina.startup.ContextConfig.webConfig(ContextConfig.java:1157)
	at org.apache.catalina.startup.ContextConfig.configureStart(ContextConfig.java:779)
	at org.apache.catalina.startup.ContextConfig.lifecycleEvent(ContextConfig.java:306)
	at org.apache.catalina.util.LifecycleSupport.fireLifecycleEvent(LifecycleSupport.java:95)
	at org.apache.catalina.util.LifecycleBase.fireLifecycleEvent(LifecycleBase.java:90)
	at org.apache.catalina.core.StandardContext.startInternal(StandardContext.java:5150)
	at org.apache.catalina.util.LifecycleBase.start(LifecycleBase.java:147)
	at org.apache.catalina.core.ContainerBase.addChildInternal(ContainerBase.java:725)
	at org.apache.catalina.core.ContainerBase.addChild(ContainerBase.java:701)
	at org.apache.catalina.core.StandardHost.addChild(StandardHost.java:717)
	at org.apache.catalina.startup.HostConfig.deployWAR(HostConfig.java:940)
	at org.apache.catalina.startup.HostConfig$DeployWar.run(HostConfig.java:1816)
	at java.util.concurrent.Executors$RunnableAdapter.call(Executors.java:511)
	at java.util.concurrent.FutureTask.run(FutureTask.java:266)
	at java.util.concurrent.ThreadPoolExecutor.runWorker(ThreadPoolExecutor.java:1149)
	at java.util.concurrent.ThreadPoolExecutor$Worker.run(ThreadPoolExecutor.java:624)
	at java.lang.Thread.run(Thread.java:748)

27-Mar-2019 10:14:57.981 SEVERE [localhost-startStop-2] org.apache.catalina.startup.ContextConfig.processAnnotationsJar Unable to process Jar entry [module-info.class] from Jar [jar:file:/C:/my_dev/tomcat/apache-tomcat-8.0.33/webapps/florestal-web/WEB-INF/lib/istack-commons-runtime-3.0.7.jar!/] for annotations
 org.apache.tomcat.util.bcel.classfile.ClassFormatException: Invalid byte tag in constant pool: 19
	at org.apache.tomcat.util.bcel.classfile.Constant.readConstant(Constant.java:97)
	at org.apache.tomcat.util.bcel.classfile.ConstantPool.<init>(ConstantPool.java:55)
	at org.apache.tomcat.util.bcel.classfile.ClassParser.readConstantPool(ClassParser.java:176)
	at org.apache.tomcat.util.bcel.classfile.ClassParser.parse(ClassParser.java:85)
	at org.apache.catalina.startup.ContextConfig.processAnnotationsStream(ContextConfig.java:2042)
	at org.apache.catalina.startup.ContextConfig.processAnnotationsJar(ContextConfig.java:1988)
	at org.apache.catalina.startup.ContextConfig.processAnnotationsUrl(ContextConfig.java:1958)
	at org.apache.catalina.startup.ContextConfig.processAnnotations(ContextConfig.java:1912)
	at org.apache.catalina.startup.ContextConfig.webConfig(ContextConfig.java:1157)
	at org.apache.catalina.startup.ContextConfig.configureStart(ContextConfig.java:779)
	at org.apache.catalina.startup.ContextConfig.lifecycleEvent(ContextConfig.java:306)
	at org.apache.catalina.util.LifecycleSupport.fireLifecycleEvent(LifecycleSupport.java:95)
	at org.apache.catalina.util.LifecycleBase.fireLifecycleEvent(LifecycleBase.java:90)
	at org.apache.catalina.core.StandardContext.startInternal(StandardContext.java:5150)
	at org.apache.catalina.util.LifecycleBase.start(LifecycleBase.java:147)
	at org.apache.catalina.core.ContainerBase.addChildInternal(ContainerBase.java:725)
	at org.apache.catalina.core.ContainerBase.addChild(ContainerBase.java:701)
	at org.apache.catalina.core.StandardHost.addChild(StandardHost.java:717)
	at org.apache.catalina.startup.HostConfig.deployWAR(HostConfig.java:940)
	at org.apache.catalina.startup.HostConfig$DeployWar.run(HostConfig.java:1816)
	at java.util.concurrent.Executors$RunnableAdapter.call(Executors.java:511)
	at java.util.concurrent.FutureTask.run(FutureTask.java:266)
	at java.util.concurrent.ThreadPoolExecutor.runWorker(ThreadPoolExecutor.java:1149)
	at java.util.concurrent.ThreadPoolExecutor$Worker.run(ThreadPoolExecutor.java:624)
	at java.lang.Thread.run(Thread.java:748)

27-Mar-2019 10:14:58.310 SEVERE [localhost-startStop-2] org.apache.catalina.startup.ContextConfig.processAnnotationsJar Unable to process Jar entry [module-info.class] from Jar [jar:file:/C:/my_dev/tomcat/apache-tomcat-8.0.33/webapps/florestal-web/WEB-INF/lib/FastInfoset-1.2.15.jar!/] for annotations
 org.apache.tomcat.util.bcel.classfile.ClassFormatException: Invalid byte tag in constant pool: 19
	at org.apache.tomcat.util.bcel.classfile.Constant.readConstant(Constant.java:97)
	at org.apache.tomcat.util.bcel.classfile.ConstantPool.<init>(ConstantPool.java:55)
	at org.apache.tomcat.util.bcel.classfile.ClassParser.readConstantPool(ClassParser.java:176)
	at org.apache.tomcat.util.bcel.classfile.ClassParser.parse(ClassParser.java:85)
	at org.apache.catalina.startup.ContextConfig.processAnnotationsStream(ContextConfig.java:2042)
	at org.apache.catalina.startup.ContextConfig.processAnnotationsJar(ContextConfig.java:1988)
	at org.apache.catalina.startup.ContextConfig.processAnnotationsUrl(ContextConfig.java:1958)
	at org.apache.catalina.startup.ContextConfig.processAnnotations(ContextConfig.java:1912)
	at org.apache.catalina.startup.ContextConfig.webConfig(ContextConfig.java:1157)
	at org.apache.catalina.startup.ContextConfig.configureStart(ContextConfig.java:779)
	at org.apache.catalina.startup.ContextConfig.lifecycleEvent(ContextConfig.java:306)
	at org.apache.catalina.util.LifecycleSupport.fireLifecycleEvent(LifecycleSupport.java:95)
	at org.apache.catalina.util.LifecycleBase.fireLifecycleEvent(LifecycleBase.java:90)
	at org.apache.catalina.core.StandardContext.startInternal(StandardContext.java:5150)
	at org.apache.catalina.util.LifecycleBase.start(LifecycleBase.java:147)
	at org.apache.catalina.core.ContainerBase.addChildInternal(ContainerBase.java:725)
	at org.apache.catalina.core.ContainerBase.addChild(ContainerBase.java:701)
	at org.apache.catalina.core.StandardHost.addChild(StandardHost.java:717)
	at org.apache.catalina.startup.HostConfig.deployWAR(HostConfig.java:940)
	at org.apache.catalina.startup.HostConfig$DeployWar.run(HostConfig.java:1816)
	at java.util.concurrent.Executors$RunnableAdapter.call(Executors.java:511)
	at java.util.concurrent.FutureTask.run(FutureTask.java:266)
	at java.util.concurrent.ThreadPoolExecutor.runWorker(ThreadPoolExecutor.java:1149)
	at java.util.concurrent.ThreadPoolExecutor$Worker.run(ThreadPoolExecutor.java:624)
	at java.lang.Thread.run(Thread.java:748)

27-Mar-2019 10:15:02.315 INFO [localhost-startStop-2] org.hibernate.jpa.internal.util.LogHelper.logPersistenceUnitInformation HHH000204: Processing PersistenceUnitInfo [
	name: default
	...]
27-Mar-2019 10:15:02.506 INFO [localhost-startStop-2] org.hibernate.Version.logVersion HHH000412: Hibernate Core {5.4.0.Final}
27-Mar-2019 10:15:02.511 INFO [localhost-startStop-2] org.hibernate.cfg.Environment.<clinit> HHH000206: hibernate.properties not found
27-Mar-2019 10:15:02.910 INFO [localhost-startStop-2] org.hibernate.annotations.common.reflection.java.JavaReflectionManager.<clinit> HCANN000001: Hibernate Commons Annotations {5.1.0.Final}
27-Mar-2019 10:15:04.591 INFO [localhost-startStop-2] org.hibernate.dialect.Dialect.<init> HHH000400: Using dialect: org.hibernate.dialect.SQLServer2012Dialect
27-Mar-2019 10:15:07.517 INFO [localhost-startStop-2] org.hibernate.engine.transaction.jta.platform.internal.JtaPlatformInitiator.initiateService HHH000490: Using JtaPlatform implementation: [org.hibernate.engine.transaction.jta.platform.internal.NoJtaPlatform]
27-Mar-2019 10:15:08.461 INFO [localhost-startStop-2] org.hibernate.hql.internal.QueryTranslatorFactoryInitiator.initiateService HHH000397: Using ASTQueryTranslatorFactory
27-Mar-2019 10:15:13.374 INFO [localhost-startStop-2] org.apache.catalina.startup.HostConfig.deployWAR Deployment of web application archive C:\my_dev\tomcat\apache-tomcat-8.0.33\webapps\florestal-web.war has finished in 25,099 ms
27-Mar-2019 10:15:48.013 WARN [http-nio-8080-exec-1] org.hibernate.engine.jdbc.spi.SqlExceptionHelper.logExceptions SQL Error: 207, SQLState: S0001
27-Mar-2019 10:15:48.014 ERROR [http-nio-8080-exec-1] org.hibernate.engine.jdbc.spi.SqlExceptionHelper.logExceptions Invalid column name 'device'.
27-Mar-2019 10:15:49.850 WARN [http-nio-8080-exec-2] org.hibernate.engine.jdbc.spi.SqlExceptionHelper.logExceptions SQL Error: 207, SQLState: S0001
27-Mar-2019 10:15:49.850 ERROR [http-nio-8080-exec-2] org.hibernate.engine.jdbc.spi.SqlExceptionHelper.logExceptions Invalid column name 'device'.
